<?xml version="1.0" encoding="UTF-8"?>
<testsuite name="priv.jj.calculator.ExpressionTest" tests="2" skipped="0" failures="0" errors="0" timestamp="2018-04-07T21:30:42" hostname="Adranoobs-MacBook-Pro.local" time="0.008">
  <properties/>
  <testcase name="turnNegative" classname="priv.jj.calculator.ExpressionTest" time="0.005"/>
  <testcase name="testConstructor" classname="priv.jj.calculator.ExpressionTest" time="0.002"/>
  <system-out><![CDATA[]]></system-out>
  <system-err><![CDATA[]]></system-err>
</testsuite>
